<?xml version="1.0" encoding="UTF-8"?>
<!-- Generated by org.testng.reporters.JUnitReportReporter -->
<testsuite hostname="DESKTOP-HPNOI30" failures="0" tests="1" name="practiceSelenium.MousrOperations" time="24.942" errors="0" timestamp="2023-07-13T21:54:02 IST" skipped="0">
  <testcase classname="practiceSelenium.MousrOperations" name="mouseOperationDemo" time="24.942"/>
  <system-out/>
</testsuite> <!-- practiceSelenium.MousrOperations -->
