<?xml version="1.0" encoding="UTF-8"?>
<!-- Generated by org.testng.reporters.JUnitReportReporter -->
<testsuite hostname="DESKTOP-HPNOI30" failures="0" tests="1" name="practiceSelenium.CheckingDropDownSortedOrNot" time="24.213" errors="0" timestamp="2023-07-12T03:25:29 IST" skipped="0">
  <testcase classname="practiceSelenium.CheckingDropDownSortedOrNot" name="checkingDropdownOrder" time="24.213"/>
  <system-out/>
</testsuite> <!-- practiceSelenium.CheckingDropDownSortedOrNot -->
