<?xml version="1.0" encoding="UTF-8"?>
<!-- Generated by org.testng.reporters.JUnitReportReporter -->
<testsuite hostname="DESKTOP-HPNOI30" failures="0" tests="1" name="practiceSelenium.WindowHandlesDemo" time="26.397" errors="0" timestamp="2023-07-12T18:16:14 IST" skipped="0">
  <testcase classname="practiceSelenium.WindowHandlesDemo" name="testWindows" time="26.397"/>
  <system-out/>
</testsuite> <!-- practiceSelenium.WindowHandlesDemo -->
