<?xml version="1.0" encoding="UTF-8"?>
<!-- Generated by org.testng.reporters.JUnitReportReporter -->
<testsuite hostname="DESKTOP-HPNOI30" failures="0" tests="1" name="practiceSelenium.AutoSuggestDropDown_BingSearch" time="25.604" errors="0" timestamp="2023-07-12T03:56:31 IST" skipped="0">
  <testcase classname="practiceSelenium.AutoSuggestDropDown_BingSearch" name="automateBingSearch" time="25.604"/>
  <system-out/>
</testsuite> <!-- practiceSelenium.AutoSuggestDropDown_BingSearch -->
