<?xml version="1.0" encoding="UTF-8"?>
<!-- Generated by org.testng.reporters.JUnitReportReporter -->
<testsuite hostname="DESKTOP-HPNOI30" failures="0" tests="1" name="practiceSelenium.SliderDemo" time="15.642" errors="0" timestamp="2023-07-13T23:40:41 IST" skipped="0">
  <testcase classname="practiceSelenium.SliderDemo" name="testSlider" time="15.642"/>
  <system-out/>
</testsuite> <!-- practiceSelenium.SliderDemo -->
