<?xml version="1.0" encoding="UTF-8"?>
<!-- Generated by org.testng.reporters.JUnitReportReporter -->
<testsuite hostname="DESKTOP-HPNOI30" failures="0" tests="1" name="practiceSelenium.TakesScreenshotDemo" time="14.225" errors="0" timestamp="2023-07-14T02:43:47 IST" skipped="0">
  <testcase classname="practiceSelenium.TakesScreenshotDemo" name="takeScreenshotMethod" time="14.225"/>
  <system-out/>
</testsuite> <!-- practiceSelenium.TakesScreenshotDemo -->
