<?xml version="1.0" encoding="UTF-8"?>
<!-- Generated by org.testng.reporters.JUnitReportReporter -->
<testsuite hostname="DESKTOP-HPNOI30" failures="0" tests="1" name="practiceSelenium.KeyBoardActions" time="74.461" errors="0" timestamp="2023-07-14T01:41:41 IST" skipped="0">
  <testcase classname="practiceSelenium.KeyBoardActions" name="keyBoardActions" time="74.461"/>
  <system-out/>
</testsuite> <!-- practiceSelenium.KeyBoardActions -->
