<?xml version="1.0" encoding="UTF-8"?>
<!-- Generated by org.testng.reporters.JUnitReportReporter -->
<testsuite hostname="DESKTOP-HPNOI30" failures="0" tests="1" name="practiceSelenium.WaitsDemo" time="11.729" errors="0" timestamp="2023-07-13T00:47:15 IST" skipped="0">
  <testcase classname="practiceSelenium.WaitsDemo" name="waitsInSelenium" time="11.729"/>
  <system-out/>
</testsuite> <!-- practiceSelenium.WaitsDemo -->
