<?xml version="1.0" encoding="UTF-8"?>
<!-- Generated by org.testng.reporters.JUnitReportReporter -->
<testsuite hostname="DESKTOP-HPNOI30" failures="0" tests="1" name="practiceSelenium.JqueryDropDownDemo" time="16.790" errors="0" timestamp="2023-07-12T03:24:23 IST" skipped="0">
  <testcase classname="practiceSelenium.JqueryDropDownDemo" name="testJqueryDropdown" time="16.790"/>
  <system-out/>
</testsuite> <!-- practiceSelenium.JqueryDropDownDemo -->
