<?xml version="1.0" encoding="UTF-8"?>
<!-- Generated by org.testng.reporters.JUnitReportReporter -->
<testsuite hostname="DESKTOP-HPNOI30" failures="0" tests="1" name="practiceSelenium.ToolTip" time="18.690" errors="0" timestamp="2023-07-14T02:59:10 IST" skipped="0">
  <testcase classname="practiceSelenium.ToolTip" name="tootip" time="18.690"/>
  <system-out/>
</testsuite> <!-- practiceSelenium.ToolTip -->
