<?xml version="1.0" encoding="UTF-8"?>
<!-- Generated by org.testng.reporters.JUnitReportReporter -->
<testsuite hostname="DESKTOP-HPNOI30" failures="0" tests="1" name="practiceSelenium.AutoCompleteGooglePlacesDropDown" time="41.495" errors="0" timestamp="2023-07-12T05:37:23 IST" skipped="0">
  <testcase classname="practiceSelenium.AutoCompleteGooglePlacesDropDown" name="autocompleteGooglePlaces" time="41.495"/>
  <system-out/>
</testsuite> <!-- practiceSelenium.AutoCompleteGooglePlacesDropDown -->
