<?xml version="1.0" encoding="UTF-8"?>
<!-- Generated by org.testng.reporters.JUnitReportReporter -->
<testsuite hostname="DESKTOP-HPNOI30" failures="0" tests="1" name="practiceSelenium.AutoSuggestDropDown_GoogleSearch" time="15.611" errors="0" timestamp="2023-07-12T04:29:50 IST" skipped="0">
  <testcase classname="practiceSelenium.AutoSuggestDropDown_GoogleSearch" name="autoSuggestGoogle" time="15.611"/>
  <system-out/>
</testsuite> <!-- practiceSelenium.AutoSuggestDropDown_GoogleSearch -->
