<?xml version="1.0" encoding="UTF-8"?>
<!-- Generated by org.testng.reporters.JUnitReportReporter -->
<testsuite hostname="DESKTOP-HPNOI30" failures="0" tests="1" name="practiceSelenium.DatePickerDemo" time="16.989" errors="0" timestamp="2023-07-13T19:22:26 IST" skipped="0">
  <testcase classname="practiceSelenium.DatePickerDemo" name="testDatePicker" time="16.989"/>
  <system-out/>
</testsuite> <!-- practiceSelenium.DatePickerDemo -->
