<?xml version="1.0" encoding="UTF-8"?>
<!-- Generated by org.testng.reporters.JUnitReportReporter -->
<testsuite hostname="DESKTOP-HPNOI30" failures="0" tests="1" name="practiceSelenium.DatePickerDropDown" time="128.645" errors="0" timestamp="2023-07-13T20:56:49 IST" skipped="0">
  <testcase classname="practiceSelenium.DatePickerDropDown" name="testDropDownDatepicker" time="128.645"/>
  <system-out/>
</testsuite> <!-- practiceSelenium.DatePickerDropDown -->
