<?xml version="1.0" encoding="UTF-8"?>
<!-- Generated by org.testng.reporters.JUnitReportReporter -->
<testsuite hostname="DESKTOP-HPNOI30" failures="0" tests="1" name="practiceSelenium.TableDemo" time="16.387" errors="0" timestamp="2023-07-13T03:01:04 IST" skipped="0">
  <testcase classname="practiceSelenium.TableDemo" name="testTableData" time="16.387"/>
  <system-out/>
</testsuite> <!-- practiceSelenium.TableDemo -->
