<?xml version="1.0" encoding="UTF-8"?>
<!-- Generated by org.testng.reporters.JUnitReportReporter -->
<testsuite hostname="DESKTOP-HPNOI30" failures="0" tests="1" name="practiceSelenium.OpenLinkInNewTab" time="18.888" errors="0" timestamp="2023-07-14T03:39:49 IST" skipped="0">
  <testcase classname="practiceSelenium.OpenLinkInNewTab" name="openLinkInNewWindow" time="18.888"/>
  <system-out/>
</testsuite> <!-- practiceSelenium.OpenLinkInNewTab -->
